<?xml version="1.0" encoding="UTF-8"?>
<!-- Generated by org.testng.reporters.JUnitXMLReporter -->
<testsuite ignored="0" hostname="DESKTOP-4A6VTUP" failures="0" tests="4" name="Test" time="0.041" errors="0" timestamp="2022-02-25T20:52:14 IST">
  <testcase classname="opack.TestOne" name="test1" time="0.006"/>
  <testcase classname="opack.TestTwo" name="test2" time="0.001"/>
  <testcase classname="kpack.TestThree" name="test3" time="0.001"/>
  <testcase classname="kpack.TestFour" name="test4" time="0.001"/>
</testsuite> <!-- Test -->
